<?xml version="1.0" encoding="UTF-8"?>
<!-- Generated by org.testng.reporters.JUnitReportReporter -->
<testsuite hostname="DELL" failures="0" tests="1" name="com.Saucdemo.Testclass.TestClassLoginfunctionality" time="5.945" errors="0" timestamp="2022-10-09T23:04:11 IST" skipped="0">
  <testcase classname="com.Saucdemo.Testclass.TestClassLoginfunctionality" name="verifyloginfunctionality" time="5.945"/>
  <system-out/>
</testsuite> <!-- com.Saucdemo.Testclass.TestClassLoginfunctionality -->
