<?xml version="1.0" encoding="UTF-8"?>
<!-- Generated by org.testng.reporters.JUnitReportReporter -->
<testsuite hostname="DELL" failures="0" tests="1" name="com.Saucdemo.Testclass.TestClassmultipleElementaddtocart" time="7.981" errors="0" timestamp="2022-10-09T23:04:11 IST" skipped="0">
  <testcase classname="com.Saucdemo.Testclass.TestClassmultipleElementaddtocart" name="verifyaddmultipleproduct" time="7.981"/>
  <system-out/>
</testsuite> <!-- com.Saucdemo.Testclass.TestClassmultipleElementaddtocart -->
